<?xml version="1.0" encoding="UTF-8"?>
<testng-results skipped="0" failed="0" ignored="0" total="1" passed="1">
  <reporter-output>
  </reporter-output>
  <suite name="Default suite" duration-ms="64530" started-at="2018-03-01T07:38:22Z" finished-at="2018-03-01T07:39:27Z">
    <groups>
    </groups>
    <test name="Default test" duration-ms="64530" started-at="2018-03-01T07:38:22Z" finished-at="2018-03-01T07:39:27Z">
      <class name="com.test.matas">
        <test-method status="PASS" signature="contact()[pri:0, instance:com.test.matas@51e2adc7]" name="contact" duration-ms="64505" started-at="2018-03-01T13:08:22Z" finished-at="2018-03-01T13:09:27Z">
          <reporter-output>
          </reporter-output>
        </test-method> <!-- contact -->
      </class> <!-- com.test.matas -->
    </test> <!-- Default test -->
  </suite> <!-- Default suite -->
</testng-results>
